<?xml version="1.0" encoding="UTF-8"?>
<testsuite xmlns:xsi="http://www.w3.org/2001/XMLSchema-instance" xsi:noNamespaceSchemaLocation="https://maven.apache.org/surefire/maven-surefire-plugin/xsd/surefire-test-report-3.0.xsd" version="3.0" name="org.fichtenbauer.gameoflife.game.GameOfLifeTest" time="0.12" tests="20" errors="0" skipped="0" failures="0">
  <properties>
    <property name="java.specification.version" value="17"/>
    <property name="sun.jnu.encoding" value="UTF-8"/>
    <property name="java.class.path" value="/home/tom/Projekte/github/game-of-life/target/test-classes:/home/tom/Projekte/github/game-of-life/target/classes:/home/tom/.m2/repository/org/junit/jupiter/junit-jupiter-api/5.10.1/junit-jupiter-api-5.10.1.jar:/home/tom/.m2/repository/org/opentest4j/opentest4j/1.3.0/opentest4j-1.3.0.jar:/home/tom/.m2/repository/org/junit/platform/junit-platform-commons/1.10.1/junit-platform-commons-1.10.1.jar:/home/tom/.m2/repository/org/apiguardian/apiguardian-api/1.1.2/apiguardian-api-1.1.2.jar:/home/tom/.m2/repository/org/junit/jupiter/junit-jupiter-params/5.10.1/junit-jupiter-params-5.10.1.jar:/home/tom/.m2/repository/org/junit/jupiter/junit-jupiter-engine/5.10.1/junit-jupiter-engine-5.10.1.jar:/home/tom/.m2/repository/org/junit/platform/junit-platform-engine/1.10.1/junit-platform-engine-1.10.1.jar:"/>
    <property name="java.vm.vendor" value="Private Build"/>
    <property name="sun.arch.data.model" value="64"/>
    <property name="java.vendor.url" value="Unknown"/>
    <property name="os.name" value="Linux"/>
    <property name="java.vm.specification.version" value="17"/>
    <property name="sun.java.launcher" value="SUN_STANDARD"/>
    <property name="user.country" value="AT"/>
    <property name="sun.boot.library.path" value="/usr/lib/jvm/java-17-openjdk-amd64/lib"/>
    <property name="sun.java.command" value="/home/tom/Projekte/github/game-of-life/target/surefire/surefirebooter-20240228112236985_3.jar /home/tom/Projekte/github/game-of-life/target/surefire 2024-02-28T11-22-36_840-jvmRun1 surefire-20240228112236985_1tmp surefire_0-20240228112236985_2tmp"/>
    <property name="jdk.debug" value="release"/>
    <property name="surefire.test.class.path" value="/home/tom/Projekte/github/game-of-life/target/test-classes:/home/tom/Projekte/github/game-of-life/target/classes:/home/tom/.m2/repository/org/junit/jupiter/junit-jupiter-api/5.10.1/junit-jupiter-api-5.10.1.jar:/home/tom/.m2/repository/org/opentest4j/opentest4j/1.3.0/opentest4j-1.3.0.jar:/home/tom/.m2/repository/org/junit/platform/junit-platform-commons/1.10.1/junit-platform-commons-1.10.1.jar:/home/tom/.m2/repository/org/apiguardian/apiguardian-api/1.1.2/apiguardian-api-1.1.2.jar:/home/tom/.m2/repository/org/junit/jupiter/junit-jupiter-params/5.10.1/junit-jupiter-params-5.10.1.jar:/home/tom/.m2/repository/org/junit/jupiter/junit-jupiter-engine/5.10.1/junit-jupiter-engine-5.10.1.jar:/home/tom/.m2/repository/org/junit/platform/junit-platform-engine/1.10.1/junit-platform-engine-1.10.1.jar:"/>
    <property name="sun.cpu.endian" value="little"/>
    <property name="user.home" value="/home/tom"/>
    <property name="user.language" value="de"/>
    <property name="java.specification.vendor" value="Oracle Corporation"/>
    <property name="java.version.date" value="2024-01-16"/>
    <property name="java.home" value="/usr/lib/jvm/java-17-openjdk-amd64"/>
    <property name="file.separator" value="/"/>
    <property name="basedir" value="/home/tom/Projekte/github/game-of-life"/>
    <property name="java.vm.compressedOopsMode" value="Zero based"/>
    <property name="line.separator" value="&#10;"/>
    <property name="java.vm.specification.vendor" value="Oracle Corporation"/>
    <property name="java.specification.name" value="Java Platform API Specification"/>
    <property name="surefire.real.class.path" value="/home/tom/Projekte/github/game-of-life/target/surefire/surefirebooter-20240228112236985_3.jar"/>
    <property name="sun.management.compiler" value="HotSpot 64-Bit Tiered Compilers"/>
    <property name="java.runtime.version" value="17.0.10+7-Ubuntu-122.04.1"/>
    <property name="user.name" value="tom"/>
    <property name="path.separator" value=":"/>
    <property name="os.version" value="6.5.0-18-generic"/>
    <property name="java.runtime.name" value="OpenJDK Runtime Environment"/>
    <property name="file.encoding" value="UTF-8"/>
    <property name="java.vm.name" value="OpenJDK 64-Bit Server VM"/>
    <property name="localRepository" value="/home/tom/.m2/repository"/>
    <property name="java.vendor.url.bug" value="Unknown"/>
    <property name="java.io.tmpdir" value="/tmp"/>
    <property name="idea.version" value="2022.2.1"/>
    <property name="java.version" value="17.0.10"/>
    <property name="user.dir" value="/home/tom/Projekte/github/game-of-life"/>
    <property name="os.arch" value="amd64"/>
    <property name="java.vm.specification.name" value="Java Virtual Machine Specification"/>
    <property name="native.encoding" value="UTF-8"/>
    <property name="java.library.path" value="/usr/java/packages/lib:/usr/lib/x86_64-linux-gnu/jni:/lib/x86_64-linux-gnu:/usr/lib/x86_64-linux-gnu:/usr/lib/jni:/lib:/usr/lib"/>
    <property name="java.vm.info" value="mixed mode, sharing"/>
    <property name="java.vendor" value="Private Build"/>
    <property name="java.vm.version" value="17.0.10+7-Ubuntu-122.04.1"/>
    <property name="sun.io.unicode.encoding" value="UnicodeLittle"/>
    <property name="java.class.version" value="61.0"/>
  </properties>
  <testcase name="aUniverseWithTwoLiveCellsBecomesDead" classname="org.fichtenbauer.gameoflife.game.GameOfLifeTest" time="0.037"/>
  <testcase name="aBlockRemainsABlock" classname="org.fichtenbauer.gameoflife.game.GameOfLifeTest" time="0.004"/>
  <testcase name="numberOfLiveNeighborsIs1ForALiveCell" classname="org.fichtenbauer.gameoflife.game.GameOfLifeTest" time="0.002"/>
  <testcase name="canary" classname="org.fichtenbauer.gameoflife.game.GameOfLifeTest" time="0.001"/>
  <testcase name="aUniverseWithALoneLiveCellBecomesDead" classname="org.fichtenbauer.gameoflife.game.GameOfLifeTest" time="0.002"/>
  <testcase name="numberOfLiveNeighborsIs2WithAFarAwayNeighbor" classname="org.fichtenbauer.gameoflife.game.GameOfLifeTest" time="0.002"/>
  <testcase name="aDeadUniverseStaysDead" classname="org.fichtenbauer.gameoflife.game.GameOfLifeTest" time="0.002"/>
  <testcase name="transformUniverseWithThreeLiveNeighbors" classname="org.fichtenbauer.gameoflife.game.GameOfLifeTest" time="0.001"/>
  <testcase name="liveCellBehavior" classname="org.fichtenbauer.gameoflife.game.GameOfLifeTest" time="0.005"/>
  <testcase name="numberOfLiveNeibhborsForTopLeftCell" classname="org.fichtenbauer.gameoflife.game.GameOfLifeTest" time="0.002"/>
  <testcase name="numberOfLiveNeibhborsForTopRightCell" classname="org.fichtenbauer.gameoflife.game.GameOfLifeTest" time="0.001"/>
  <testcase name="deadCellBehavior" classname="org.fichtenbauer.gameoflife.game.GameOfLifeTest" time="0.004"/>
  <testcase name="numberOfLiveNeibhborsForBottomLeftCell" classname="org.fichtenbauer.gameoflife.game.GameOfLifeTest" time="0.001"/>
  <testcase name="aVerticalBlinkerBecomesAHorizontaBlinker" classname="org.fichtenbauer.gameoflife.game.GameOfLifeTest" time="0.002"/>
  <testcase name="numberOfLiveNeibhborsForBottomRightCell" classname="org.fichtenbauer.gameoflife.game.GameOfLifeTest" time="0.001"/>
  <testcase name="numberOfLiveNeighborsIs0" classname="org.fichtenbauer.gameoflife.game.GameOfLifeTest" time="0.001"/>
  <testcase name="numberOfLiveNeighborsIs1" classname="org.fichtenbauer.gameoflife.game.GameOfLifeTest" time="0.0"/>
  <testcase name="numberOfLiveNeighborsIs2" classname="org.fichtenbauer.gameoflife.game.GameOfLifeTest" time="0.001"/>
  <testcase name="numberOfLiveNeighborsIs3" classname="org.fichtenbauer.gameoflife.game.GameOfLifeTest" time="0.0"/>
  <testcase name="aHorizontalBlinkerBecomesAVerticalBlinker" classname="org.fichtenbauer.gameoflife.game.GameOfLifeTest" time="0.002"/>
</testsuite>